<?xml version="1.0" encoding="UTF-8"?>
<!-- Generated by org.testng.reporters.JUnitReportReporter -->
<testsuite skipped="0" hostname="LAPTOP-DQE2LTDQ" name="login.loginpage" tests="3" failures="0" timestamp="24 Feb 2020 07:54:16 GMT" time="39.239" errors="0">
  <testcase name="f" time="11.042" classname="login.loginpage"/>
  <testcase name="f" time="13.596" classname="login.loginpage"/>
  <testcase name="f" time="14.601" classname="login.loginpage"/>
</testsuite> <!-- login.loginpage -->
